BaseLibrary/build/intermediates/manifest_merge_blame_file/debug/manifest-merger-blame-debug-report.txt
1<?xml version="1.0" encoding="utf-8"?>
2<manifest xmlns:android="http://schemas.android.com/apk/res/android"
3    package="com.kotlin.base"
4    android:versionCode="1"
5    android:versionName="1.0" >
6
7    <uses-sdk
8        android:minSdkVersion="15"
8-->src\main\AndroidManifest.xml
9        android:targetSdkVersion="25" />
9-->src\main\AndroidManifest.xml
10
11    <uses-permission android:name="android.permission.INTERNET" />
11-->src\main\AndroidManifest.xml:6:5-66
11-->src\main\AndroidManifest.xml:6:22-64
12
13    <application
13-->src\main\AndroidManifest.xml:8:5-13:19
14        android:allowBackup="true"
14-->src\main\AndroidManifest.xml:8:18-44
15        android:label="@string/app_name"
15-->src\main\AndroidManifest.xml:9:18-50
16        android:supportsRtl="true" >
16-->src\main\AndroidManifest.xml:10:18-44
17    </application>
18
19</manifest>